<?xml version="1.0" encoding="UTF-8"?>
<robot generator="Robot 5.0.1 (Python 3.10.4 on win32)" generated="20220926 22:45:12.637" rpa="false" schemaversion="3">
<suite id="s1" name="BasicTest" source="E:\repositories\robot-framework-course\Tests\Ebay\BasicTest.robot">
<test id="s1-t1" name="Verify basic search functionality for Ebay" line="9">
<kw name="Open Browser" library="SeleniumLibrary">
<arg>https://www.ebay.com</arg>
<arg>chrome</arg>
<doc>Opens a new browser instance to the optional ``url``.</doc>
<msg timestamp="20220926 22:45:12.902" level="INFO">Opening browser 'chrome' to base url 'https://www.ebay.com'.</msg>
<status status="PASS" starttime="20220926 22:45:12.901" endtime="20220926 22:45:15.536"/>
</kw>
<kw name="Input Text" library="SeleniumLibrary">
<arg>//*[@id="gh-ac"]</arg>
<arg>mobile</arg>
<doc>Types the given ``text`` into the text field identified by ``locator``.</doc>
<msg timestamp="20220926 22:45:15.537" level="INFO">Typing text 'mobile' into text field '//*[@id="gh-ac"]'.</msg>
<status status="PASS" starttime="20220926 22:45:15.536" endtime="20220926 22:45:15.768"/>
</kw>
<kw name="Press Keys" library="SeleniumLibrary">
<arg>//*[@id="gh-btn"]</arg>
<arg>[Return]</arg>
<doc>Simulates the user pressing key(s) to an element or on the active browser.</doc>
<msg timestamp="20220926 22:45:15.769" level="INFO">Sending key(s) ('[Return]',) to //*[@id="gh-btn"] element.</msg>
<msg timestamp="20220926 22:45:18.699" level="INFO">Sending keys [Return]</msg>
<status status="PASS" starttime="20220926 22:45:15.769" endtime="20220926 22:45:18.948"/>
</kw>
<kw name="Page Should Contain" library="SeleniumLibrary">
<arg>results for mobile</arg>
<doc>Verifies that current page contains ``text``.</doc>
<msg timestamp="20220926 22:45:19.042" level="INFO">Current page contains text 'results for mobile'.</msg>
<status status="PASS" starttime="20220926 22:45:18.949" endtime="20220926 22:45:19.043"/>
</kw>
<kw name="Close Browser" library="SeleniumLibrary">
<doc>Closes the current browser.</doc>
<status status="PASS" starttime="20220926 22:45:19.043" endtime="20220926 22:45:21.187"/>
</kw>
<doc>This test case verifies the basic search</doc>
<tag>Functional</tag>
<status status="PASS" starttime="20220926 22:45:12.901" endtime="20220926 22:45:21.188"/>
</test>
<doc>Basic Search Functionality</doc>
<status status="PASS" starttime="20220926 22:45:12.639" endtime="20220926 22:45:21.192"/>
</suite>
<statistics>
<total>
<stat pass="1" fail="0" skip="0">All Tests</stat>
</total>
<tag>
<stat pass="1" fail="0" skip="0">Functional</stat>
</tag>
<suite>
<stat pass="1" fail="0" skip="0" id="s1" name="BasicTest">BasicTest</stat>
</suite>
</statistics>
<errors>
</errors>
</robot>
